<?xml version="1.0" encoding="UTF-8"?>
<testng-results ignored="0" total="1" passed="1" failed="0" skipped="0">
  <reporter-output>
  </reporter-output>
  <suite started-at="2021-07-02T10:51:52 EDT" name="seleniumAutoTestsCucumberTest" finished-at="2021-07-02T10:52:07 EDT" duration-ms="14203">
    <groups>
    </groups>
    <test started-at="2021-07-02T10:51:52 EDT" name="Command line test" finished-at="2021-07-02T10:52:07 EDT" duration-ms="14203">
      <class name="seleniumAutoTestsCucumberTest">
        <test-method is-config="true" signature="setUp()[pri:0, instance:seleniumAutoTestsCucumberTest@2eda0940]" started-at="2021-07-02T10:51:53 EDT" name="setUp" finished-at="2021-07-02T10:51:53 EDT" duration-ms="17" status="PASS">
          <reporter-output>
          </reporter-output>
        </test-method> <!-- setUp -->
        <test-method signature="test()[pri:0, instance:seleniumAutoTestsCucumberTest@2eda0940]" started-at="2021-07-02T10:51:53 EDT" name="test" finished-at="2021-07-02T10:52:07 EDT" duration-ms="14120" status="PASS">
          <reporter-output>
          </reporter-output>
        </test-method> <!-- test -->
        <test-method is-config="true" signature="tearDown()[pri:0, instance:seleniumAutoTestsCucumberTest@2eda0940]" started-at="2021-07-02T10:52:07 EDT" name="tearDown" finished-at="2021-07-02T10:52:07 EDT" duration-ms="3" status="PASS">
          <reporter-output>
          </reporter-output>
        </test-method> <!-- tearDown -->
      </class> <!-- seleniumAutoTestsCucumberTest -->
    </test> <!-- Command line test -->
  </suite> <!-- seleniumAutoTestsCucumberTest -->
</testng-results>
